[0.322s] DEBUG:colcon:Command line arguments: ['/usr/bin/colcon', 'list', '-p', '--base-paths', '/home/anthor/Projects/ROS2/aea_spot_micro/ws_mobile']
[0.322s] DEBUG:colcon:Parsed command line arguments: Namespace(log_base=None, log_level=None, verb_name='list', build_base='build', ignore_user_meta=False, metas=['./colcon.meta'], base_paths=['/home/anthor/Projects/ROS2/aea_spot_micro/ws_mobile'], packages_ignore=None, packages_ignore_regex=None, paths=None, packages_up_to=None, packages_up_to_regex=None, packages_above=None, packages_above_and_dependencies=None, packages_above_depth=None, packages_select_by_dep=None, packages_skip_by_dep=None, packages_skip_up_to=None, packages_select_build_failed=False, packages_skip_build_finished=False, packages_select_test_failures=False, packages_skip_test_passed=False, packages_select=None, packages_skip=None, packages_select_regex=None, packages_skip_regex=None, packages_start=None, packages_end=None, allow_overriding=[], topological_order=False, names_only=False, paths_only=True, topological_graph=False, topological_graph_dot=False, topological_graph_density=False, topological_graph_legend=False, topological_graph_dot_cluster=False, topological_graph_dot_include_skipped=False, mixin_files=None, mixin=None, verb_parser=<colcon_mixin.mixin.mixin_argument.MixinArgumentDecorator object at 0x7f788061d1f0>, verb_extension=<colcon_package_information.verb.list.ListVerb object at 0x7f788058acf0>, main=<bound method ListVerb.main of <colcon_package_information.verb.list.ListVerb object at 0x7f788058acf0>>, mixin_verb=('list',))
[0.359s] Level 1:colcon.colcon_core.package_discovery:discover_packages(colcon_meta) check parameters
[0.359s] Level 1:colcon.colcon_core.package_discovery:discover_packages(recursive) check parameters
[0.359s] Level 1:colcon.colcon_core.package_discovery:discover_packages(ignore) check parameters
[0.360s] Level 1:colcon.colcon_core.package_discovery:discover_packages(path) check parameters
[0.360s] Level 1:colcon.colcon_core.package_discovery:discover_packages(recursive) discover
[0.360s] INFO:colcon.colcon_core.package_discovery:Crawling recursively for packages in '/home/anthor/Projects/ROS2/aea_spot_micro/ws_mobile'
[0.360s] Level 1:colcon.colcon_core.package_identification:_identify(/home/anthor/Projects/ROS2/aea_spot_micro/ws_mobile) by extensions ['ignore', 'ignore_ament_install']
[0.360s] Level 1:colcon.colcon_core.package_identification:_identify(/home/anthor/Projects/ROS2/aea_spot_micro/ws_mobile) by extension 'ignore'
[0.360s] Level 1:colcon.colcon_core.package_identification:_identify(/home/anthor/Projects/ROS2/aea_spot_micro/ws_mobile) by extension 'ignore_ament_install'
[0.360s] Level 1:colcon.colcon_core.package_identification:_identify(/home/anthor/Projects/ROS2/aea_spot_micro/ws_mobile) by extensions ['colcon_pkg']
[0.360s] Level 1:colcon.colcon_core.package_identification:_identify(/home/anthor/Projects/ROS2/aea_spot_micro/ws_mobile) by extension 'colcon_pkg'
[0.360s] Level 1:colcon.colcon_core.package_identification:_identify(/home/anthor/Projects/ROS2/aea_spot_micro/ws_mobile) by extensions ['colcon_meta']
[0.360s] Level 1:colcon.colcon_core.package_identification:_identify(/home/anthor/Projects/ROS2/aea_spot_micro/ws_mobile) by extension 'colcon_meta'
[0.360s] Level 1:colcon.colcon_core.package_identification:_identify(/home/anthor/Projects/ROS2/aea_spot_micro/ws_mobile) by extensions ['ros']
[0.360s] Level 1:colcon.colcon_core.package_identification:_identify(/home/anthor/Projects/ROS2/aea_spot_micro/ws_mobile) by extension 'ros'
[0.382s] Level 1:colcon.colcon_core.package_identification:_identify(/home/anthor/Projects/ROS2/aea_spot_micro/ws_mobile) by extensions ['cmake', 'python']
[0.382s] Level 1:colcon.colcon_core.package_identification:_identify(/home/anthor/Projects/ROS2/aea_spot_micro/ws_mobile) by extension 'cmake'
[0.382s] Level 1:colcon.colcon_core.package_identification:_identify(/home/anthor/Projects/ROS2/aea_spot_micro/ws_mobile) by extension 'python'
[0.382s] Level 1:colcon.colcon_core.package_identification:_identify(/home/anthor/Projects/ROS2/aea_spot_micro/ws_mobile) by extensions ['python_setup_py']
[0.383s] Level 1:colcon.colcon_core.package_identification:_identify(/home/anthor/Projects/ROS2/aea_spot_micro/ws_mobile) by extension 'python_setup_py'
[0.383s] Level 1:colcon.colcon_core.package_identification:_identify(/home/anthor/Projects/ROS2/aea_spot_micro/ws_mobile/build) by extensions ['ignore', 'ignore_ament_install']
[0.383s] Level 1:colcon.colcon_core.package_identification:_identify(/home/anthor/Projects/ROS2/aea_spot_micro/ws_mobile/build) by extension 'ignore'
[0.383s] Level 1:colcon.colcon_core.package_identification:_identify(/home/anthor/Projects/ROS2/aea_spot_micro/ws_mobile/build) ignored
[0.383s] Level 1:colcon.colcon_core.package_identification:_identify(/home/anthor/Projects/ROS2/aea_spot_micro/ws_mobile/install) by extensions ['ignore', 'ignore_ament_install']
[0.383s] Level 1:colcon.colcon_core.package_identification:_identify(/home/anthor/Projects/ROS2/aea_spot_micro/ws_mobile/install) by extension 'ignore'
[0.383s] Level 1:colcon.colcon_core.package_identification:_identify(/home/anthor/Projects/ROS2/aea_spot_micro/ws_mobile/install) ignored
[0.383s] Level 1:colcon.colcon_core.package_identification:_identify(/home/anthor/Projects/ROS2/aea_spot_micro/ws_mobile/log) by extensions ['ignore', 'ignore_ament_install']
[0.383s] Level 1:colcon.colcon_core.package_identification:_identify(/home/anthor/Projects/ROS2/aea_spot_micro/ws_mobile/log) by extension 'ignore'
[0.384s] Level 1:colcon.colcon_core.package_identification:_identify(/home/anthor/Projects/ROS2/aea_spot_micro/ws_mobile/log) ignored
[0.384s] Level 1:colcon.colcon_core.package_identification:_identify(/home/anthor/Projects/ROS2/aea_spot_micro/ws_mobile/src) by extensions ['ignore', 'ignore_ament_install']
[0.384s] Level 1:colcon.colcon_core.package_identification:_identify(/home/anthor/Projects/ROS2/aea_spot_micro/ws_mobile/src) by extension 'ignore'
[0.384s] Level 1:colcon.colcon_core.package_identification:_identify(/home/anthor/Projects/ROS2/aea_spot_micro/ws_mobile/src) by extension 'ignore_ament_install'
[0.384s] Level 1:colcon.colcon_core.package_identification:_identify(/home/anthor/Projects/ROS2/aea_spot_micro/ws_mobile/src) by extensions ['colcon_pkg']
[0.384s] Level 1:colcon.colcon_core.package_identification:_identify(/home/anthor/Projects/ROS2/aea_spot_micro/ws_mobile/src) by extension 'colcon_pkg'
[0.384s] Level 1:colcon.colcon_core.package_identification:_identify(/home/anthor/Projects/ROS2/aea_spot_micro/ws_mobile/src) by extensions ['colcon_meta']
[0.384s] Level 1:colcon.colcon_core.package_identification:_identify(/home/anthor/Projects/ROS2/aea_spot_micro/ws_mobile/src) by extension 'colcon_meta'
[0.384s] Level 1:colcon.colcon_core.package_identification:_identify(/home/anthor/Projects/ROS2/aea_spot_micro/ws_mobile/src) by extensions ['ros']
[0.384s] Level 1:colcon.colcon_core.package_identification:_identify(/home/anthor/Projects/ROS2/aea_spot_micro/ws_mobile/src) by extension 'ros'
[0.384s] Level 1:colcon.colcon_core.package_identification:_identify(/home/anthor/Projects/ROS2/aea_spot_micro/ws_mobile/src) by extensions ['cmake', 'python']
[0.384s] Level 1:colcon.colcon_core.package_identification:_identify(/home/anthor/Projects/ROS2/aea_spot_micro/ws_mobile/src) by extension 'cmake'
[0.384s] Level 1:colcon.colcon_core.package_identification:_identify(/home/anthor/Projects/ROS2/aea_spot_micro/ws_mobile/src) by extension 'python'
[0.384s] Level 1:colcon.colcon_core.package_identification:_identify(/home/anthor/Projects/ROS2/aea_spot_micro/ws_mobile/src) by extensions ['python_setup_py']
[0.384s] Level 1:colcon.colcon_core.package_identification:_identify(/home/anthor/Projects/ROS2/aea_spot_micro/ws_mobile/src) by extension 'python_setup_py'
[0.384s] Level 1:colcon.colcon_core.package_identification:_identify(/home/anthor/Projects/ROS2/aea_spot_micro/ws_mobile/src/mobile_robot) by extensions ['ignore', 'ignore_ament_install']
[0.384s] Level 1:colcon.colcon_core.package_identification:_identify(/home/anthor/Projects/ROS2/aea_spot_micro/ws_mobile/src/mobile_robot) by extension 'ignore'
[0.385s] Level 1:colcon.colcon_core.package_identification:_identify(/home/anthor/Projects/ROS2/aea_spot_micro/ws_mobile/src/mobile_robot) by extension 'ignore_ament_install'
[0.385s] Level 1:colcon.colcon_core.package_identification:_identify(/home/anthor/Projects/ROS2/aea_spot_micro/ws_mobile/src/mobile_robot) by extensions ['colcon_pkg']
[0.385s] Level 1:colcon.colcon_core.package_identification:_identify(/home/anthor/Projects/ROS2/aea_spot_micro/ws_mobile/src/mobile_robot) by extension 'colcon_pkg'
[0.385s] Level 1:colcon.colcon_core.package_identification:_identify(/home/anthor/Projects/ROS2/aea_spot_micro/ws_mobile/src/mobile_robot) by extensions ['colcon_meta']
[0.385s] Level 1:colcon.colcon_core.package_identification:_identify(/home/anthor/Projects/ROS2/aea_spot_micro/ws_mobile/src/mobile_robot) by extension 'colcon_meta'
[0.385s] Level 1:colcon.colcon_core.package_identification:_identify(/home/anthor/Projects/ROS2/aea_spot_micro/ws_mobile/src/mobile_robot) by extensions ['ros']
[0.385s] Level 1:colcon.colcon_core.package_identification:_identify(/home/anthor/Projects/ROS2/aea_spot_micro/ws_mobile/src/mobile_robot) by extension 'ros'
[0.387s] DEBUG:colcon.colcon_core.package_identification:Package '/home/anthor/Projects/ROS2/aea_spot_micro/ws_mobile/src/mobile_robot' with type 'ros.ament_cmake' and name 'mobile_robot'
[0.387s] Level 1:colcon.colcon_core.package_discovery:discover_packages(recursive) using defaults
