[0.012s] Invoking command in '/home/gino/ws_mobile/build/mobile_robot': CMAKE_PREFIX_PATH=${CMAKE_PREFIX_PATH}:/opt/ros/jazzy /usr/bin/cmake /home/gino/ws_mobile/src/mobile_robot -DCMAKE_INSTALL_PREFIX=/home/gino/ws_mobile/install/mobile_robot
[0.450s] -- The C compiler identification is GNU 13.2.0
[1.193s] -- The CXX compiler identification is GNU 13.2.0
[1.725s] -- Detecting C compiler ABI info
[1.991s] -- Detecting C compiler ABI info - done
[2.002s] -- Check for working C compiler: /usr/bin/cc - skipped
[2.003s] -- Detecting C compile features
[2.003s] -- Detecting C compile features - done
[2.089s] -- Detecting CXX compiler ABI info
[2.349s] -- Detecting CXX compiler ABI info - done
[2.360s] -- Check for working CXX compiler: /usr/bin/c++ - skipped
[2.360s] -- Detecting CXX compile features
[2.361s] -- Detecting CXX compile features - done
[2.394s] -- Found ament_cmake: 2.5.2 (/opt/ros/jazzy/share/ament_cmake/cmake)
[2.574s] -- Found Python3: /usr/bin/python3 (found version "3.12.3") found components: Interpreter 
[2.767s] -- Found ament_lint_auto: 0.17.1 (/opt/ros/jazzy/share/ament_lint_auto/cmake)
[2.919s] -- Added test 'lint_cmake' to check CMake code style
[2.923s] -- Added test 'xmllint' to check XML markup files
[2.928s] -- Configuring done (2.8s)
[2.932s] -- Generating done (0.0s)
[2.934s] -- Build files have been written to: /home/gino/ws_mobile/build/mobile_robot
[2.940s] Invoked command in '/home/gino/ws_mobile/build/mobile_robot' returned '0': CMAKE_PREFIX_PATH=${CMAKE_PREFIX_PATH}:/opt/ros/jazzy /usr/bin/cmake /home/gino/ws_mobile/src/mobile_robot -DCMAKE_INSTALL_PREFIX=/home/gino/ws_mobile/install/mobile_robot
[2.941s] Invoking command in '/home/gino/ws_mobile/build/mobile_robot': CMAKE_PREFIX_PATH=${CMAKE_PREFIX_PATH}:/opt/ros/jazzy /usr/bin/cmake --build /home/gino/ws_mobile/build/mobile_robot -- -j8 -l8
[2.981s] Invoked command in '/home/gino/ws_mobile/build/mobile_robot' returned '0': CMAKE_PREFIX_PATH=${CMAKE_PREFIX_PATH}:/opt/ros/jazzy /usr/bin/cmake --build /home/gino/ws_mobile/build/mobile_robot -- -j8 -l8
[3.017s] Invoking command in '/home/gino/ws_mobile/build/mobile_robot': CMAKE_PREFIX_PATH=${CMAKE_PREFIX_PATH}:/opt/ros/jazzy /usr/bin/cmake --install /home/gino/ws_mobile/build/mobile_robot
[3.026s] -- Install configuration: ""
[3.027s] -- Installing: /home/gino/ws_mobile/install/mobile_robot/share/ament_index/resource_index/package_run_dependencies/mobile_robot
[3.027s] -- Installing: /home/gino/ws_mobile/install/mobile_robot/share/ament_index/resource_index/parent_prefix_path/mobile_robot
[3.028s] -- Installing: /home/gino/ws_mobile/install/mobile_robot/share/mobile_robot/environment/ament_prefix_path.sh
[3.028s] -- Installing: /home/gino/ws_mobile/install/mobile_robot/share/mobile_robot/environment/ament_prefix_path.dsv
[3.028s] -- Installing: /home/gino/ws_mobile/install/mobile_robot/share/mobile_robot/environment/path.sh
[3.029s] -- Installing: /home/gino/ws_mobile/install/mobile_robot/share/mobile_robot/environment/path.dsv
[3.029s] -- Installing: /home/gino/ws_mobile/install/mobile_robot/share/mobile_robot/local_setup.bash
[3.029s] -- Installing: /home/gino/ws_mobile/install/mobile_robot/share/mobile_robot/local_setup.sh
[3.030s] -- Installing: /home/gino/ws_mobile/install/mobile_robot/share/mobile_robot/local_setup.zsh
[3.030s] -- Installing: /home/gino/ws_mobile/install/mobile_robot/share/mobile_robot/local_setup.dsv
[3.030s] -- Installing: /home/gino/ws_mobile/install/mobile_robot/share/mobile_robot/package.dsv
[3.030s] -- Installing: /home/gino/ws_mobile/install/mobile_robot/share/ament_index/resource_index/packages/mobile_robot
[3.031s] -- Installing: /home/gino/ws_mobile/install/mobile_robot/share/mobile_robot/cmake/mobile_robotConfig.cmake
[3.031s] -- Installing: /home/gino/ws_mobile/install/mobile_robot/share/mobile_robot/cmake/mobile_robotConfig-version.cmake
[3.031s] -- Installing: /home/gino/ws_mobile/install/mobile_robot/share/mobile_robot/package.xml
[3.034s] Invoked command in '/home/gino/ws_mobile/build/mobile_robot' returned '0': CMAKE_PREFIX_PATH=${CMAKE_PREFIX_PATH}:/opt/ros/jazzy /usr/bin/cmake --install /home/gino/ws_mobile/build/mobile_robot
