[0.008s] Invoking command in '/home/anthor/Projects/ROS2/aea_spot_micro/ws_mobile/build/mobile_robot': CMAKE_PREFIX_PATH=${CMAKE_PREFIX_PATH}:/opt/ros/jazzy CONDA_PROMPT_MODIFIER=(base) DEBUGINFOD_URLS=https://debuginfod.ubuntu.com /usr/bin/cmake /home/anthor/Projects/ROS2/aea_spot_micro/ws_mobile/src/mobile_robot -DCMAKE_INSTALL_PREFIX=/home/anthor/Projects/ROS2/aea_spot_micro/ws_mobile/install/mobile_robot
[0.248s] -- The C compiler identification is GNU 13.2.0
[1.154s] -- The CXX compiler identification is GNU 13.2.0
[1.882s] -- Detecting C compiler ABI info
[2.246s] -- Detecting C compiler ABI info - done
[2.253s] -- Check for working C compiler: /usr/bin/cc - skipped
[2.254s] -- Detecting C compile features
[2.255s] -- Detecting C compile features - done
[2.392s] -- Detecting CXX compiler ABI info
[2.702s] -- Detecting CXX compiler ABI info - done
[2.708s] -- Check for working CXX compiler: /usr/bin/c++ - skipped
[2.709s] -- Detecting CXX compile features
[2.709s] -- Detecting CXX compile features - done
[2.729s] -- Found ament_cmake: 2.5.2 (/opt/ros/jazzy/share/ament_cmake/cmake)
[2.815s] -- Found Python3: /home/anthor/miniconda3/bin/python3 (found version "3.12.2") found components: Interpreter 
[2.935s] -- Found ament_lint_auto: 0.17.1 (/opt/ros/jazzy/share/ament_lint_auto/cmake)
[3.043s] -- Added test 'flake8' to check Python code syntax and style conventions
[3.043s] -- Configured 'flake8' exclude dirs and/or files: 
[3.044s] -- Added test 'lint_cmake' to check CMake code style
[3.045s] -- Added test 'pep257' to check Python code against some of the docstring style conventions in PEP 257
[3.048s] -- Added test 'xmllint' to check XML markup files
[3.051s] -- Configuring done (3.0s)
[3.053s] -- Generating done (0.0s)
[3.054s] -- Build files have been written to: /home/anthor/Projects/ROS2/aea_spot_micro/ws_mobile/build/mobile_robot
[3.059s] Invoked command in '/home/anthor/Projects/ROS2/aea_spot_micro/ws_mobile/build/mobile_robot' returned '0': CMAKE_PREFIX_PATH=${CMAKE_PREFIX_PATH}:/opt/ros/jazzy CONDA_PROMPT_MODIFIER=(base) DEBUGINFOD_URLS=https://debuginfod.ubuntu.com /usr/bin/cmake /home/anthor/Projects/ROS2/aea_spot_micro/ws_mobile/src/mobile_robot -DCMAKE_INSTALL_PREFIX=/home/anthor/Projects/ROS2/aea_spot_micro/ws_mobile/install/mobile_robot
[3.060s] Invoking command in '/home/anthor/Projects/ROS2/aea_spot_micro/ws_mobile/build/mobile_robot': CMAKE_PREFIX_PATH=${CMAKE_PREFIX_PATH}:/opt/ros/jazzy CONDA_PROMPT_MODIFIER=(base) DEBUGINFOD_URLS=https://debuginfod.ubuntu.com /usr/bin/cmake --build /home/anthor/Projects/ROS2/aea_spot_micro/ws_mobile/build/mobile_robot -- -j16 -l16
[3.090s] Invoked command in '/home/anthor/Projects/ROS2/aea_spot_micro/ws_mobile/build/mobile_robot' returned '0': CMAKE_PREFIX_PATH=${CMAKE_PREFIX_PATH}:/opt/ros/jazzy CONDA_PROMPT_MODIFIER=(base) DEBUGINFOD_URLS=https://debuginfod.ubuntu.com /usr/bin/cmake --build /home/anthor/Projects/ROS2/aea_spot_micro/ws_mobile/build/mobile_robot -- -j16 -l16
[3.112s] Invoking command in '/home/anthor/Projects/ROS2/aea_spot_micro/ws_mobile/build/mobile_robot': CMAKE_PREFIX_PATH=${CMAKE_PREFIX_PATH}:/opt/ros/jazzy CONDA_PROMPT_MODIFIER=(base) DEBUGINFOD_URLS=https://debuginfod.ubuntu.com /usr/bin/cmake --install /home/anthor/Projects/ROS2/aea_spot_micro/ws_mobile/build/mobile_robot
[3.118s] -- Install configuration: ""
[3.119s] -- Up-to-date: /home/anthor/Projects/ROS2/aea_spot_micro/ws_mobile/install/mobile_robot/share/mobile_robot/launch
[3.119s] -- Up-to-date: /home/anthor/Projects/ROS2/aea_spot_micro/ws_mobile/install/mobile_robot/share/mobile_robot/launch/gazebo_model.launch.py
[3.119s] -- Up-to-date: /home/anthor/Projects/ROS2/aea_spot_micro/ws_mobile/install/mobile_robot/share/mobile_robot/models
[3.120s] -- Up-to-date: /home/anthor/Projects/ROS2/aea_spot_micro/ws_mobile/install/mobile_robot/share/mobile_robot/models/spotmicroai.xacro
[3.120s] -- Up-to-date: /home/anthor/Projects/ROS2/aea_spot_micro/ws_mobile/install/mobile_robot/share/mobile_robot/models/spotmicroai.gazebo
[3.120s] -- Up-to-date: /home/anthor/Projects/ROS2/aea_spot_micro/ws_mobile/install/mobile_robot/share/mobile_robot/models/materials.xacro
[3.120s] -- Up-to-date: /home/anthor/Projects/ROS2/aea_spot_micro/ws_mobile/install/mobile_robot/share/mobile_robot/parameters
[3.120s] -- Up-to-date: /home/anthor/Projects/ROS2/aea_spot_micro/ws_mobile/install/mobile_robot/share/mobile_robot/parameters/bridge_parameters.yaml
[3.120s] -- Installing: /home/anthor/Projects/ROS2/aea_spot_micro/ws_mobile/install/mobile_robot/share/ament_index/resource_index/package_run_dependencies/mobile_robot
[3.120s] -- Installing: /home/anthor/Projects/ROS2/aea_spot_micro/ws_mobile/install/mobile_robot/share/ament_index/resource_index/parent_prefix_path/mobile_robot
[3.121s] -- Installing: /home/anthor/Projects/ROS2/aea_spot_micro/ws_mobile/install/mobile_robot/share/mobile_robot/environment/ament_prefix_path.sh
[3.121s] -- Installing: /home/anthor/Projects/ROS2/aea_spot_micro/ws_mobile/install/mobile_robot/share/mobile_robot/environment/ament_prefix_path.dsv
[3.121s] -- Installing: /home/anthor/Projects/ROS2/aea_spot_micro/ws_mobile/install/mobile_robot/share/mobile_robot/environment/path.sh
[3.121s] -- Installing: /home/anthor/Projects/ROS2/aea_spot_micro/ws_mobile/install/mobile_robot/share/mobile_robot/environment/path.dsv
[3.121s] -- Installing: /home/anthor/Projects/ROS2/aea_spot_micro/ws_mobile/install/mobile_robot/share/mobile_robot/local_setup.bash
[3.121s] -- Installing: /home/anthor/Projects/ROS2/aea_spot_micro/ws_mobile/install/mobile_robot/share/mobile_robot/local_setup.sh
[3.121s] -- Installing: /home/anthor/Projects/ROS2/aea_spot_micro/ws_mobile/install/mobile_robot/share/mobile_robot/local_setup.zsh
[3.121s] -- Installing: /home/anthor/Projects/ROS2/aea_spot_micro/ws_mobile/install/mobile_robot/share/mobile_robot/local_setup.dsv
[3.121s] -- Installing: /home/anthor/Projects/ROS2/aea_spot_micro/ws_mobile/install/mobile_robot/share/mobile_robot/package.dsv
[3.121s] -- Installing: /home/anthor/Projects/ROS2/aea_spot_micro/ws_mobile/install/mobile_robot/share/ament_index/resource_index/packages/mobile_robot
[3.121s] -- Installing: /home/anthor/Projects/ROS2/aea_spot_micro/ws_mobile/install/mobile_robot/share/mobile_robot/cmake/mobile_robotConfig.cmake
[3.121s] -- Installing: /home/anthor/Projects/ROS2/aea_spot_micro/ws_mobile/install/mobile_robot/share/mobile_robot/cmake/mobile_robotConfig-version.cmake
[3.122s] -- Up-to-date: /home/anthor/Projects/ROS2/aea_spot_micro/ws_mobile/install/mobile_robot/share/mobile_robot/package.xml
[3.123s] Invoked command in '/home/anthor/Projects/ROS2/aea_spot_micro/ws_mobile/build/mobile_robot' returned '0': CMAKE_PREFIX_PATH=${CMAKE_PREFIX_PATH}:/opt/ros/jazzy CONDA_PROMPT_MODIFIER=(base) DEBUGINFOD_URLS=https://debuginfod.ubuntu.com /usr/bin/cmake --install /home/anthor/Projects/ROS2/aea_spot_micro/ws_mobile/build/mobile_robot
