[0.022s] Invoking command in '/home/gino/ws_mobile/build/mobile_robot': CMAKE_PREFIX_PATH=${CMAKE_PREFIX_PATH}:/opt/ros/jazzy /usr/bin/cmake --build /home/gino/ws_mobile/build/mobile_robot -- -j8 -l8
[0.124s] -- Found ament_cmake: 2.5.2 (/opt/ros/jazzy/share/ament_cmake/cmake)
[0.393s] -- Found ament_lint_auto: 0.17.1 (/opt/ros/jazzy/share/ament_lint_auto/cmake)
[0.513s] -- Added test 'flake8' to check Python code syntax and style conventions
[0.514s] -- Configured 'flake8' exclude dirs and/or files: 
[0.516s] -- Added test 'lint_cmake' to check CMake code style
[0.517s] -- Added test 'pep257' to check Python code against some of the docstring style conventions in PEP 257
[0.523s] -- Added test 'xmllint' to check XML markup files
[0.527s] -- Configuring done (0.4s)
[0.543s] -- Generating done (0.0s)
[0.544s] -- Build files have been written to: /home/gino/ws_mobile/build/mobile_robot
[0.574s] Invoked command in '/home/gino/ws_mobile/build/mobile_robot' returned '0': CMAKE_PREFIX_PATH=${CMAKE_PREFIX_PATH}:/opt/ros/jazzy /usr/bin/cmake --build /home/gino/ws_mobile/build/mobile_robot -- -j8 -l8
[0.607s] Invoking command in '/home/gino/ws_mobile/build/mobile_robot': CMAKE_PREFIX_PATH=${CMAKE_PREFIX_PATH}:/opt/ros/jazzy /usr/bin/cmake --install /home/gino/ws_mobile/build/mobile_robot
[0.616s] -- Install configuration: ""
[0.616s] -- Installing: /home/gino/ws_mobile/install/mobile_robot/share/mobile_robot/launch
[0.617s] -- Installing: /home/gino/ws_mobile/install/mobile_robot/share/mobile_robot/launch/SpotMicroAi_launch.py
[0.617s] -- Installing: /home/gino/ws_mobile/install/mobile_robot/share/mobile_robot/models
[0.617s] -- Installing: /home/gino/ws_mobile/install/mobile_robot/share/mobile_robot/models/spotmicroai.gazebo
[0.618s] -- Installing: /home/gino/ws_mobile/install/mobile_robot/share/mobile_robot/models/spotmicroai.xacro
[0.618s] -- Installing: /home/gino/ws_mobile/install/mobile_robot/share/mobile_robot/models/materials.xacro
[0.619s] -- Installing: /home/gino/ws_mobile/install/mobile_robot/share/mobile_robot/parameters
[0.619s] -- Installing: /home/gino/ws_mobile/install/mobile_robot/share/mobile_robot/parameters/config.yaml
[0.621s] -- Installing: /home/gino/ws_mobile/install/mobile_robot/share/ament_index/resource_index/package_run_dependencies/mobile_robot
[0.622s] -- Up-to-date: /home/gino/ws_mobile/install/mobile_robot/share/ament_index/resource_index/parent_prefix_path/mobile_robot
[0.623s] -- Up-to-date: /home/gino/ws_mobile/install/mobile_robot/share/mobile_robot/environment/ament_prefix_path.sh
[0.623s] -- Up-to-date: /home/gino/ws_mobile/install/mobile_robot/share/mobile_robot/environment/ament_prefix_path.dsv
[0.623s] -- Up-to-date: /home/gino/ws_mobile/install/mobile_robot/share/mobile_robot/environment/path.sh
[0.623s] -- Up-to-date: /home/gino/ws_mobile/install/mobile_robot/share/mobile_robot/environment/path.dsv
[0.624s] -- Up-to-date: /home/gino/ws_mobile/install/mobile_robot/share/mobile_robot/local_setup.bash
[0.624s] -- Up-to-date: /home/gino/ws_mobile/install/mobile_robot/share/mobile_robot/local_setup.sh
[0.624s] -- Up-to-date: /home/gino/ws_mobile/install/mobile_robot/share/mobile_robot/local_setup.zsh
[0.624s] -- Up-to-date: /home/gino/ws_mobile/install/mobile_robot/share/mobile_robot/local_setup.dsv
[0.624s] -- Installing: /home/gino/ws_mobile/install/mobile_robot/share/mobile_robot/package.dsv
[0.625s] -- Up-to-date: /home/gino/ws_mobile/install/mobile_robot/share/ament_index/resource_index/packages/mobile_robot
[0.625s] -- Up-to-date: /home/gino/ws_mobile/install/mobile_robot/share/mobile_robot/cmake/mobile_robotConfig.cmake
[0.625s] -- Up-to-date: /home/gino/ws_mobile/install/mobile_robot/share/mobile_robot/cmake/mobile_robotConfig-version.cmake
[0.625s] -- Installing: /home/gino/ws_mobile/install/mobile_robot/share/mobile_robot/package.xml
[0.626s] Invoked command in '/home/gino/ws_mobile/build/mobile_robot' returned '0': CMAKE_PREFIX_PATH=${CMAKE_PREFIX_PATH}:/opt/ros/jazzy /usr/bin/cmake --install /home/gino/ws_mobile/build/mobile_robot
